<?xml version="1.0" encoding="UTF-8"?>
<!-- Generated by org.testng.reporters.JUnitReportReporter -->
<testsuite hostname="LAPTOP-NNS49CG9" failures="0" tests="7" name="todo.TodoTasks" time="31.736" errors="0" timestamp="2021-07-10T11:40:16 CEST" skipped="0">
  <testcase classname="todo.TodoTasks" name="createTask" time="0.673"/>
  <system-out/>
  <testcase classname="todo.TodoTasks" name="editTask" time="6.269"/>
  <system-out/>
  <testcase classname="todo.TodoTasks" name="uncheckTask" time="2.136"/>
  <system-out/>
  <testcase classname="todo.TodoTasks" name="checkTask" time="0.110"/>
  <system-out/>
  <testcase classname="todo.TodoTasks" name="removeTask" time="10.207"/>
  <system-out/>
  <testcase classname="todo.TodoTasks" name="createMultipleTask" time="6.207"/>
  <system-out/>
  <testcase classname="todo.TodoTasks" name="deleteLastTask" time="6.134"/>
  <system-out/>
</testsuite> <!-- todo.TodoTasks -->
